<?xml version="1.0" encoding="UTF-8"?>
<!-- Generated by org.testng.reporters.JUnitReportReporter -->
<testsuite skipped="0" hostname="DESKTOP-BOOS582" name="gmailAutomation.gmailAssignment" tests="1" failures="0" timestamp="2023-03-01T16:35:34 IST" time="38.569" errors="0">
  <testcase name="gmailTest" time="38.569" classname="gmailAutomation.gmailAssignment"/>
  <system-out/>
</testsuite> <!-- gmailAutomation.gmailAssignment -->
